

***********************************************************************
Fatal NI connect error 12533, connecting to:
 (DESCRIPTION=(ENABLE=BROKEN)(LOAD_BALANCE=yes)(ADDRESS=(PROTOCOL=TCP)(HOST=10.3.0.61)(PORT=1521))(CONNECT_DATA=(SERVER=DEDICATED)(SERVICE_NAME=LINK)(FAILOVER_MODE=(TYPE=SELECT)(METHOD=BASIC)(RETRIES=20)(DELAY=5))(CID=(PROGRAM=C:\Arquivos de programas\Microsoft Visual FoxPro 9\vfp9.exe)(HOST=MQROGERIO)(USER=rogerio))))

  VERSION INFORMATION:
	TNS for 32-bit Windows: Version 8.1.6.0.0 - Production
	Windows NT TCP/IP NT Protocol Adapter for 32-bit Windows: Version 8.1.6.0.0 - Production
  Time: 18-AGO-2007 19:47:32
  Tracing not turned on.
  Tns error struct:
    nr err code: 0
    ns main err code: 12533
    TNS-12533: TNS:parâmetros ADDRESS inválidos
    ns secondary err code: 12560
    nt main err code: 503
    TNS-00503: Parâmetros de ADDRESS inválidos
    nt secondary err code: 0
    nt OS err code: 0


***********************************************************************
Fatal NI connect error 12560, connecting to:
 (DESCRIPTION=(ADDRESS=(PROTOCOL=BEQ)(PROGRAM=oracle)(ARGV0=oracleORCL)(ARGS='(DESCRIPTION=(LOCAL=YES)(ADDRESS=(PROTOCOL=beq)))'))(CONNECT_DATA=(SID=ORCL)(CID=(PROGRAM=C:\Arquivos de programas\Microsoft Visual FoxPro 9\vfp9.exe)(HOST=MQROGERIO)(USER=rogerio))))

  VERSION INFORMATION:
	TNS for 32-bit Windows: Version 8.1.6.0.0 - Production
	Oracle Bequeath NT Protocol Adapter for 32-bit Windows: Version 8.1.6.0.0 - Production
  Time: 18-AGO-2007 19:47:32
  Tracing not turned on.
  Tns error struct:
    nr err code: 0
    ns main err code: 12560
    TNS-12560: TNS:erro do adaptador de protocolo
    ns secondary err code: 0
    nt main err code: 530
    TNS-00530: Erro do adaptador de protocolo
    nt secondary err code: 126
    nt OS err code: 0


***********************************************************************
Fatal NI connect error 12533, connecting to:
 (DESCRIPTION=(ENABLE=BROKEN)(LOAD_BALANCE=yes)(ADDRESS=(PROTOCOL=TCP)(HOST=10.3.0.61)(PORT=1521))(CONNECT_DATA=(SERVER=DEDICATED)(SERVICE_NAME=LINK)(FAILOVER_MODE=(TYPE=SELECT)(METHOD=BASIC)(RETRIES=20)(DELAY=5))(CID=(PROGRAM=C:\Arquivos de programas\Microsoft Visual FoxPro 9\vfp9.exe)(HOST=MQROGERIO)(USER=rogerio))))

  VERSION INFORMATION:
	TNS for 32-bit Windows: Version 8.1.6.0.0 - Production
	Windows NT TCP/IP NT Protocol Adapter for 32-bit Windows: Version 8.1.6.0.0 - Production
  Time: 18-AGO-2007 19:47:37
  Tracing not turned on.
  Tns error struct:
    nr err code: 0
    ns main err code: 12533
    TNS-12533: TNS:parâmetros ADDRESS inválidos
    ns secondary err code: 12560
    nt main err code: 503
    TNS-00503: Parâmetros de ADDRESS inválidos
    nt secondary err code: 0
    nt OS err code: 0


***********************************************************************
Fatal NI connect error 12560, connecting to:
 (DESCRIPTION=(ADDRESS=(PROTOCOL=BEQ)(PROGRAM=oracle)(ARGV0=oracleORCL)(ARGS='(DESCRIPTION=(LOCAL=YES)(ADDRESS=(PROTOCOL=beq)))'))(CONNECT_DATA=(SID=ORCL)(CID=(PROGRAM=C:\Arquivos de programas\Microsoft Visual FoxPro 9\vfp9.exe)(HOST=MQROGERIO)(USER=rogerio))))

  VERSION INFORMATION:
	TNS for 32-bit Windows: Version 8.1.6.0.0 - Production
	Oracle Bequeath NT Protocol Adapter for 32-bit Windows: Version 8.1.6.0.0 - Production
  Time: 18-AGO-2007 19:47:37
  Tracing not turned on.
  Tns error struct:
    nr err code: 0
    ns main err code: 12560
    TNS-12560: TNS:erro do adaptador de protocolo
    ns secondary err code: 0
    nt main err code: 530
    TNS-00530: Erro do adaptador de protocolo
    nt secondary err code: 126
    nt OS err code: 0


***********************************************************************
Fatal NI connect error 12533, connecting to:
 (DESCRIPTION=(ENABLE=BROKEN)(LOAD_BALANCE=yes)(ADDRESS=(PROTOCOL=TCP)(HOST=10.3.0.61)(PORT=1521))(CONNECT_DATA=(SERVER=DEDICATED)(SERVICE_NAME=LINK)(FAILOVER_MODE=(TYPE=SELECT)(METHOD=BASIC)(RETRIES=20)(DELAY=5))(CID=(PROGRAM=C:\Arquivos de programas\Microsoft Visual FoxPro 9\vfp9.exe)(HOST=MQROGERIO)(USER=rogerio))))

  VERSION INFORMATION:
	TNS for 32-bit Windows: Version 8.1.6.0.0 - Production
	Windows NT TCP/IP NT Protocol Adapter for 32-bit Windows: Version 8.1.6.0.0 - Production
  Time: 18-AGO-2007 19:47:41
  Tracing not turned on.
  Tns error struct:
    nr err code: 0
    ns main err code: 12533
    TNS-12533: TNS:parâmetros ADDRESS inválidos
    ns secondary err code: 12560
    nt main err code: 503
    TNS-00503: Parâmetros de ADDRESS inválidos
    nt secondary err code: 0
    nt OS err code: 0


***********************************************************************
Fatal NI connect error 12560, connecting to:
 (DESCRIPTION=(ADDRESS=(PROTOCOL=BEQ)(PROGRAM=oracle)(ARGV0=oracleORCL)(ARGS='(DESCRIPTION=(LOCAL=YES)(ADDRESS=(PROTOCOL=beq)))'))(CONNECT_DATA=(SID=ORCL)(CID=(PROGRAM=C:\Arquivos de programas\Microsoft Visual FoxPro 9\vfp9.exe)(HOST=MQROGERIO)(USER=rogerio))))

  VERSION INFORMATION:
	TNS for 32-bit Windows: Version 8.1.6.0.0 - Production
	Oracle Bequeath NT Protocol Adapter for 32-bit Windows: Version 8.1.6.0.0 - Production
  Time: 18-AGO-2007 19:47:41
  Tracing not turned on.
  Tns error struct:
    nr err code: 0
    ns main err code: 12560
    TNS-12560: TNS:erro do adaptador de protocolo
    ns secondary err code: 0
    nt main err code: 530
    TNS-00530: Erro do adaptador de protocolo
    nt secondary err code: 126
    nt OS err code: 0


***********************************************************************
Fatal NI connect error 12533, connecting to:
 (DESCRIPTION=(ENABLE=BROKEN)(LOAD_BALANCE=yes)(ADDRESS=(PROTOCOL=TCP)(HOST=10.3.0.61)(PORT=1521))(CONNECT_DATA=(SERVER=DEDICATED)(SERVICE_NAME=LINK)(FAILOVER_MODE=(TYPE=SELECT)(METHOD=BASIC)(RETRIES=20)(DELAY=5))(CID=(PROGRAM=C:\Arquivos de programas\Microsoft Visual FoxPro 9\vfp9.exe)(HOST=MQROGERIO)(USER=rogerio))))

  VERSION INFORMATION:
	TNS for 32-bit Windows: Version 8.1.6.0.0 - Production
	Windows NT TCP/IP NT Protocol Adapter for 32-bit Windows: Version 8.1.6.0.0 - Production
  Time: 18-AGO-2007 19:47:45
  Tracing not turned on.
  Tns error struct:
    nr err code: 0
    ns main err code: 12533
    TNS-12533: TNS:parâmetros ADDRESS inválidos
    ns secondary err code: 12560
    nt main err code: 503
    TNS-00503: Parâmetros de ADDRESS inválidos
    nt secondary err code: 0
    nt OS err code: 0


***********************************************************************
Fatal NI connect error 12560, connecting to:
 (DESCRIPTION=(ADDRESS=(PROTOCOL=BEQ)(PROGRAM=oracle)(ARGV0=oracleORCL)(ARGS='(DESCRIPTION=(LOCAL=YES)(ADDRESS=(PROTOCOL=beq)))'))(CONNECT_DATA=(SID=ORCL)(CID=(PROGRAM=C:\Arquivos de programas\Microsoft Visual FoxPro 9\vfp9.exe)(HOST=MQROGERIO)(USER=rogerio))))

  VERSION INFORMATION:
	TNS for 32-bit Windows: Version 8.1.6.0.0 - Production
	Oracle Bequeath NT Protocol Adapter for 32-bit Windows: Version 8.1.6.0.0 - Production
  Time: 18-AGO-2007 19:47:45
  Tracing not turned on.
  Tns error struct:
    nr err code: 0
    ns main err code: 12560
    TNS-12560: TNS:erro do adaptador de protocolo
    ns secondary err code: 0
    nt main err code: 530
    TNS-00530: Erro do adaptador de protocolo
    nt secondary err code: 126
    nt OS err code: 0


***********************************************************************
Fatal NI connect error 12533, connecting to:
 (DESCRIPTION=(ENABLE=BROKEN)(LOAD_BALANCE=yes)(ADDRESS=(PROTOCOL=TCP)(HOST=10.3.0.61)(PORT=1521))(CONNECT_DATA=(SERVER=DEDICATED)(SERVICE_NAME=LINK)(FAILOVER_MODE=(TYPE=SELECT)(METHOD=BASIC)(RETRIES=20)(DELAY=5))(CID=(PROGRAM=C:\Arquivos de programas\Microsoft Visual FoxPro 9\vfp9.exe)(HOST=MQROGERIO)(USER=rogerio))))

  VERSION INFORMATION:
	TNS for 32-bit Windows: Version 8.1.6.0.0 - Production
	Windows NT TCP/IP NT Protocol Adapter for 32-bit Windows: Version 8.1.6.0.0 - Production
  Time: 18-AGO-2007 19:47:50
  Tracing not turned on.
  Tns error struct:
    nr err code: 0
    ns main err code: 12533
    TNS-12533: TNS:parâmetros ADDRESS inválidos
    ns secondary err code: 12560
    nt main err code: 503
    TNS-00503: Parâmetros de ADDRESS inválidos
    nt secondary err code: 0
    nt OS err code: 0


***********************************************************************
Fatal NI connect error 12560, connecting to:
 (DESCRIPTION=(ADDRESS=(PROTOCOL=BEQ)(PROGRAM=oracle)(ARGV0=oracleORCL)(ARGS='(DESCRIPTION=(LOCAL=YES)(ADDRESS=(PROTOCOL=beq)))'))(CONNECT_DATA=(SID=ORCL)(CID=(PROGRAM=C:\Arquivos de programas\Microsoft Visual FoxPro 9\vfp9.exe)(HOST=MQROGERIO)(USER=rogerio))))

  VERSION INFORMATION:
	TNS for 32-bit Windows: Version 8.1.6.0.0 - Production
	Oracle Bequeath NT Protocol Adapter for 32-bit Windows: Version 8.1.6.0.0 - Production
  Time: 18-AGO-2007 19:47:50
  Tracing not turned on.
  Tns error struct:
    nr err code: 0
    ns main err code: 12560
    TNS-12560: TNS:erro do adaptador de protocolo
    ns secondary err code: 0
    nt main err code: 530
    TNS-00530: Erro do adaptador de protocolo
    nt secondary err code: 126
    nt OS err code: 0


***********************************************************************
Fatal NI connect error 12533, connecting to:
 (DESCRIPTION=(ENABLE=BROKEN)(LOAD_BALANCE=yes)(ADDRESS=(PROTOCOL=TCP)(HOST=10.3.0.61)(PORT=1521))(CONNECT_DATA=(SERVER=DEDICATED)(SERVICE_NAME=LINK)(FAILOVER_MODE=(TYPE=SELECT)(METHOD=BASIC)(RETRIES=20)(DELAY=5))(CID=(PROGRAM=C:\Arquivos de programas\Microsoft Visual FoxPro 9\vfp9.exe)(HOST=MQROGERIO)(USER=rogerio))))

  VERSION INFORMATION:
	TNS for 32-bit Windows: Version 8.1.6.0.0 - Production
	Windows NT TCP/IP NT Protocol Adapter for 32-bit Windows: Version 8.1.6.0.0 - Production
  Time: 18-AGO-2007 19:47:55
  Tracing not turned on.
  Tns error struct:
    nr err code: 0
    ns main err code: 12533
    TNS-12533: TNS:parâmetros ADDRESS inválidos
    ns secondary err code: 12560
    nt main err code: 503
    TNS-00503: Parâmetros de ADDRESS inválidos
    nt secondary err code: 0
    nt OS err code: 0


***********************************************************************
Fatal NI connect error 12560, connecting to:
 (DESCRIPTION=(ADDRESS=(PROTOCOL=BEQ)(PROGRAM=oracle)(ARGV0=oracleORCL)(ARGS='(DESCRIPTION=(LOCAL=YES)(ADDRESS=(PROTOCOL=beq)))'))(CONNECT_DATA=(SID=ORCL)(CID=(PROGRAM=C:\Arquivos de programas\Microsoft Visual FoxPro 9\vfp9.exe)(HOST=MQROGERIO)(USER=rogerio))))

  VERSION INFORMATION:
	TNS for 32-bit Windows: Version 8.1.6.0.0 - Production
	Oracle Bequeath NT Protocol Adapter for 32-bit Windows: Version 8.1.6.0.0 - Production
  Time: 18-AGO-2007 19:47:55
  Tracing not turned on.
  Tns error struct:
    nr err code: 0
    ns main err code: 12560
    TNS-12560: TNS:erro do adaptador de protocolo
    ns secondary err code: 0
    nt main err code: 530
    TNS-00530: Erro do adaptador de protocolo
    nt secondary err code: 126
    nt OS err code: 0


***********************************************************************
Fatal NI connect error 12560, connecting to:
 (DESCRIPTION=(ADDRESS=(PROTOCOL=BEQ)(PROGRAM=oracle)(ARGV0=oracleORCL)(ARGS='(DESCRIPTION=(LOCAL=YES)(ADDRESS=(PROTOCOL=beq)))'))(CONNECT_DATA=(SID=ORCL)(CID=(PROGRAM=C:\Arquivos de programas\Microsoft Visual FoxPro 9\vfp9.exe)(HOST=MQROGERIO)(USER=rogerio))))

  VERSION INFORMATION:
	TNS for 32-bit Windows: Version 8.1.6.0.0 - Production
	Oracle Bequeath NT Protocol Adapter for 32-bit Windows: Version 8.1.6.0.0 - Production
  Time: 30-AGO-2007 14:41:30
  Tracing not turned on.
  Tns error struct:
    nr err code: 0
    ns main err code: 12560
    TNS-12560: TNS:erro do adaptador de protocolo
    ns secondary err code: 0
    nt main err code: 530
    TNS-00530: Erro do adaptador de protocolo
    nt secondary err code: 126
    nt OS err code: 0


***********************************************************************
Fatal NI connect error 12560, connecting to:
 (DESCRIPTION=(ADDRESS=(PROTOCOL=BEQ)(PROGRAM=oracle)(ARGV0=oracleORCL)(ARGS='(DESCRIPTION=(LOCAL=YES)(ADDRESS=(PROTOCOL=beq)))'))(CONNECT_DATA=(SID=ORCL)(CID=(PROGRAM=C:\Arquivos de programas\Microsoft Visual FoxPro 9\vfp9.exe)(HOST=MQROGERIO)(USER=rogerio))))

  VERSION INFORMATION:
	TNS for 32-bit Windows: Version 8.1.6.0.0 - Production
	Oracle Bequeath NT Protocol Adapter for 32-bit Windows: Version 8.1.6.0.0 - Production
  Time: 30-AGO-2007 14:41:30
  Tracing not turned on.
  Tns error struct:
    nr err code: 0
    ns main err code: 12560
    TNS-12560: TNS:erro do adaptador de protocolo
    ns secondary err code: 0
    nt main err code: 530
    TNS-00530: Erro do adaptador de protocolo
    nt secondary err code: 126
    nt OS err code: 0


***********************************************************************
Fatal NI connect error 12535, connecting to:
 (DESCRIPTION=(CONNECT_DATA=(SID=*)(SERVICE_NAME=volpe)(CID=(PROGRAM=C:\Arquivos de programas\Microsoft Visual FoxPro 9\vfp9.exe)(HOST=MQROGERIO)(USER=rogerio)))(ADDRESS=(PROTOCOL=TCP)(HOST=volpe)(PORT=1521)))

  VERSION INFORMATION:
	TNS for 32-bit Windows: Version 8.1.6.0.0 - Production
	Windows NT TCP/IP NT Protocol Adapter for 32-bit Windows: Version 8.1.6.0.0 - Production
  Time: 03-OUT-2007 15:30:12
  Tracing not turned on.
  Tns error struct:
    nr err code: 0
    ns main err code: 12535
    TNS-12535: TNS:tempo esgotado para operação
    ns secondary err code: 12560
    nt main err code: 505
    TNS-00505: Operação com tempo de espera
    nt secondary err code: 60
    nt OS err code: 0


***********************************************************************
Fatal NI connect error 12560, connecting to:
 (DESCRIPTION=(ADDRESS=(PROTOCOL=BEQ)(PROGRAM=oracle)(ARGV0=oracleORCL)(ARGS='(DESCRIPTION=(LOCAL=YES)(ADDRESS=(PROTOCOL=beq)))'))(CONNECT_DATA=(SID=ORCL)(CID=(PROGRAM=C:\Arquivos de programas\Microsoft Visual FoxPro 9\vfp9.exe)(HOST=MQROGERIO)(USER=rogerio))))

  VERSION INFORMATION:
	TNS for 32-bit Windows: Version 8.1.6.0.0 - Production
	Oracle Bequeath NT Protocol Adapter for 32-bit Windows: Version 8.1.6.0.0 - Production
  Time: 03-OUT-2007 15:30:12
  Tracing not turned on.
  Tns error struct:
    nr err code: 0
    ns main err code: 12560
    TNS-12560: TNS:erro do adaptador de protocolo
    ns secondary err code: 0
    nt main err code: 530
    TNS-00530: Erro do adaptador de protocolo
    nt secondary err code: 126
    nt OS err code: 0


***********************************************************************
Fatal NI connect error 12535, connecting to:
 (DESCRIPTION=(CONNECT_DATA=(SID=*)(SERVICE_NAME=volpe)(CID=(PROGRAM=C:\Arquivos de programas\Microsoft Visual FoxPro 9\vfp9.exe)(HOST=MQROGERIO)(USER=rogerio)))(ADDRESS=(PROTOCOL=TCP)(HOST=volpe)(PORT=1521)))

  VERSION INFORMATION:
	TNS for 32-bit Windows: Version 8.1.6.0.0 - Production
	Windows NT TCP/IP NT Protocol Adapter for 32-bit Windows: Version 8.1.6.0.0 - Production
  Time: 03-OUT-2007 15:31:05
  Tracing not turned on.
  Tns error struct:
    nr err code: 0
    ns main err code: 12535
    TNS-12535: TNS:tempo esgotado para operação
    ns secondary err code: 12560
    nt main err code: 505
    TNS-00505: Operação com tempo de espera
    nt secondary err code: 60
    nt OS err code: 0


***********************************************************************
Fatal NI connect error 12560, connecting to:
 (DESCRIPTION=(ADDRESS=(PROTOCOL=BEQ)(PROGRAM=oracle)(ARGV0=oracleORCL)(ARGS='(DESCRIPTION=(LOCAL=YES)(ADDRESS=(PROTOCOL=beq)))'))(CONNECT_DATA=(SID=ORCL)(CID=(PROGRAM=C:\Arquivos de programas\Microsoft Visual FoxPro 9\vfp9.exe)(HOST=MQROGERIO)(USER=rogerio))))

  VERSION INFORMATION:
	TNS for 32-bit Windows: Version 8.1.6.0.0 - Production
	Oracle Bequeath NT Protocol Adapter for 32-bit Windows: Version 8.1.6.0.0 - Production
  Time: 03-OUT-2007 15:31:05
  Tracing not turned on.
  Tns error struct:
    nr err code: 0
    ns main err code: 12560
    TNS-12560: TNS:erro do adaptador de protocolo
    ns secondary err code: 0
    nt main err code: 530
    TNS-00530: Erro do adaptador de protocolo
    nt secondary err code: 126
    nt OS err code: 0


***********************************************************************
Fatal NI connect error 12560, connecting to:
 (DESCRIPTION=(ADDRESS=(PROTOCOL=BEQ)(PROGRAM=oracle)(ARGV0=oracleORCL)(ARGS='(DESCRIPTION=(LOCAL=YES)(ADDRESS=(PROTOCOL=beq)))'))(CONNECT_DATA=(SID=ORCL)(CID=(PROGRAM=C:\Arquivos de programas\Microsoft Visual FoxPro 9\vfp9.exe)(HOST=MQROGERIO)(USER=rogerio))))

  VERSION INFORMATION:
	TNS for 32-bit Windows: Version 8.1.6.0.0 - Production
	Oracle Bequeath NT Protocol Adapter for 32-bit Windows: Version 8.1.6.0.0 - Production
	Windows NT TCP/IP NT Protocol Adapter for 32-bit Windows: Version 8.1.6.0.0 - Production
  Time: 21-NOV-2007 11:56:36
  Tracing not turned on.
  Tns error struct:
    nr err code: 0
    ns main err code: 12560
    TNS-12560: TNS:erro do adaptador de protocolo
    ns secondary err code: 0
    nt main err code: 530
    TNS-00530: Erro do adaptador de protocolo
    nt secondary err code: 126
    nt OS err code: 0


***********************************************************************
Fatal NI connect error 12560, connecting to:
 (DESCRIPTION=(ADDRESS=(PROTOCOL=BEQ)(PROGRAM=oracle)(ARGV0=oracleORCL)(ARGS='(DESCRIPTION=(LOCAL=YES)(ADDRESS=(PROTOCOL=beq)))'))(CONNECT_DATA=(SID=ORCL)(CID=(PROGRAM=C:\Arquivos de programas\Microsoft Visual FoxPro 9\vfp9.exe)(HOST=MQROGERIO)(USER=rogerio))))

  VERSION INFORMATION:
	TNS for 32-bit Windows: Version 8.1.6.0.0 - Production
	Oracle Bequeath NT Protocol Adapter for 32-bit Windows: Version 8.1.6.0.0 - Production
	Windows NT TCP/IP NT Protocol Adapter for 32-bit Windows: Version 8.1.6.0.0 - Production
  Time: 21-NOV-2007 11:56:36
  Tracing not turned on.
  Tns error struct:
    nr err code: 0
    ns main err code: 12560
    TNS-12560: TNS:erro do adaptador de protocolo
    ns secondary err code: 0
    nt main err code: 530
    TNS-00530: Erro do adaptador de protocolo
    nt secondary err code: 126
    nt OS err code: 0


***********************************************************************
Fatal NI connect error 12560, connecting to:
 (DESCRIPTION=(ADDRESS=(PROTOCOL=BEQ)(PROGRAM=oracle)(ARGV0=oracleORCL)(ARGS='(DESCRIPTION=(LOCAL=YES)(ADDRESS=(PROTOCOL=beq)))'))(CONNECT_DATA=(SID=ORCL)(CID=(PROGRAM=C:\Arquivos de programas\Microsoft Visual FoxPro 9\vfp9.exe)(HOST=MQROGERIO)(USER=rogerio))))

  VERSION INFORMATION:
	TNS for 32-bit Windows: Version 8.1.6.0.0 - Production
	Oracle Bequeath NT Protocol Adapter for 32-bit Windows: Version 8.1.6.0.0 - Production
  Time: 21-NOV-2007 11:56:36
  Tracing not turned on.
  Tns error struct:
    nr err code: 0
    ns main err code: 12560
    TNS-12560: TNS:erro do adaptador de protocolo
    ns secondary err code: 0
    nt main err code: 530
    TNS-00530: Erro do adaptador de protocolo
    nt secondary err code: 126
    nt OS err code: 0


***********************************************************************
Fatal NI connect error 12560, connecting to:
 (DESCRIPTION=(ADDRESS=(PROTOCOL=BEQ)(PROGRAM=oracle)(ARGV0=oracleORCL)(ARGS='(DESCRIPTION=(LOCAL=YES)(ADDRESS=(PROTOCOL=beq)))'))(CONNECT_DATA=(SID=ORCL)(CID=(PROGRAM=C:\Arquivos de programas\Microsoft Visual FoxPro 9\vfp9.exe)(HOST=MQROGERIO)(USER=rogerio))))

  VERSION INFORMATION:
	TNS for 32-bit Windows: Version 8.1.6.0.0 - Production
	Oracle Bequeath NT Protocol Adapter for 32-bit Windows: Version 8.1.6.0.0 - Production
  Time: 21-NOV-2007 11:56:36
  Tracing not turned on.
  Tns error struct:
    nr err code: 0
    ns main err code: 12560
    TNS-12560: TNS:erro do adaptador de protocolo
    ns secondary err code: 0
    nt main err code: 530
    TNS-00530: Erro do adaptador de protocolo
    nt secondary err code: 126
    nt OS err code: 0


***********************************************************************
Fatal NI connect error 12560, connecting to:
 (DESCRIPTION=(ADDRESS=(PROTOCOL=BEQ)(PROGRAM=oracle)(ARGV0=oracleORCL)(ARGS='(DESCRIPTION=(LOCAL=YES)(ADDRESS=(PROTOCOL=beq)))'))(CONNECT_DATA=(SID=ORCL)(CID=(PROGRAM=C:\Arquivos de programas\Microsoft Visual FoxPro 9\vfp9.exe)(HOST=MQROGERIO)(USER=rogerio))))

  VERSION INFORMATION:
	TNS for 32-bit Windows: Version 8.1.6.0.0 - Production
	Oracle Bequeath NT Protocol Adapter for 32-bit Windows: Version 8.1.6.0.0 - Production
	Windows NT TCP/IP NT Protocol Adapter for 32-bit Windows: Version 8.1.6.0.0 - Production
  Time: 21-NOV-2007 15:22:18
  Tracing not turned on.
  Tns error struct:
    nr err code: 0
    ns main err code: 12560
    TNS-12560: TNS:erro do adaptador de protocolo
    ns secondary err code: 0
    nt main err code: 530
    TNS-00530: Erro do adaptador de protocolo
    nt secondary err code: 126
    nt OS err code: 0


***********************************************************************
Fatal NI connect error 12560, connecting to:
 (DESCRIPTION=(ADDRESS=(PROTOCOL=BEQ)(PROGRAM=oracle)(ARGV0=oracleORCL)(ARGS='(DESCRIPTION=(LOCAL=YES)(ADDRESS=(PROTOCOL=beq)))'))(CONNECT_DATA=(SID=ORCL)(CID=(PROGRAM=C:\Arquivos de programas\Microsoft Visual FoxPro 9\vfp9.exe)(HOST=MQROGERIO)(USER=rogerio))))

  VERSION INFORMATION:
	TNS for 32-bit Windows: Version 8.1.6.0.0 - Production
	Oracle Bequeath NT Protocol Adapter for 32-bit Windows: Version 8.1.6.0.0 - Production
	Windows NT TCP/IP NT Protocol Adapter for 32-bit Windows: Version 8.1.6.0.0 - Production
  Time: 21-NOV-2007 15:22:43
  Tracing not turned on.
  Tns error struct:
    nr err code: 0
    ns main err code: 12560
    TNS-12560: TNS:erro do adaptador de protocolo
    ns secondary err code: 0
    nt main err code: 530
    TNS-00530: Erro do adaptador de protocolo
    nt secondary err code: 126
    nt OS err code: 0


***********************************************************************
Fatal NI connect error 12560, connecting to:
 (DESCRIPTION=(ADDRESS=(PROTOCOL=BEQ)(PROGRAM=oracle)(ARGV0=oracleORCL)(ARGS='(DESCRIPTION=(LOCAL=YES)(ADDRESS=(PROTOCOL=beq)))'))(CONNECT_DATA=(SID=ORCL)(CID=(PROGRAM=C:\Arquivos de programas\Microsoft Visual FoxPro 9\vfp9.exe)(HOST=MQROGERIO)(USER=rogerio))))

  VERSION INFORMATION:
	TNS for 32-bit Windows: Version 8.1.6.0.0 - Production
	Oracle Bequeath NT Protocol Adapter for 32-bit Windows: Version 8.1.6.0.0 - Production
	Windows NT TCP/IP NT Protocol Adapter for 32-bit Windows: Version 8.1.6.0.0 - Production
  Time: 21-NOV-2007 15:22:43
  Tracing not turned on.
  Tns error struct:
    nr err code: 0
    ns main err code: 12560
    TNS-12560: TNS:erro do adaptador de protocolo
    ns secondary err code: 0
    nt main err code: 530
    TNS-00530: Erro do adaptador de protocolo
    nt secondary err code: 126
    nt OS err code: 0


***********************************************************************
Fatal NI connect error 12560, connecting to:
 (DESCRIPTION=(ADDRESS=(PROTOCOL=BEQ)(PROGRAM=oracle)(ARGV0=oracleORCL)(ARGS='(DESCRIPTION=(LOCAL=YES)(ADDRESS=(PROTOCOL=beq)))'))(CONNECT_DATA=(SID=ORCL)(CID=(PROGRAM=C:\Arquivos de programas\Microsoft Visual FoxPro 9\vfp9.exe)(HOST=MQROGERIO)(USER=rogerio))))

  VERSION INFORMATION:
	TNS for 32-bit Windows: Version 8.1.6.0.0 - Production
	Oracle Bequeath NT Protocol Adapter for 32-bit Windows: Version 8.1.6.0.0 - Production
  Time: 21-NOV-2007 16:41:59
  Tracing not turned on.
  Tns error struct:
    nr err code: 0
    ns main err code: 12560
    TNS-12560: TNS:erro do adaptador de protocolo
    ns secondary err code: 0
    nt main err code: 530
    TNS-00530: Erro do adaptador de protocolo
    nt secondary err code: 126
    nt OS err code: 0


***********************************************************************
Fatal NI connect error 12560, connecting to:
 (DESCRIPTION=(ADDRESS=(PROTOCOL=BEQ)(PROGRAM=oracle)(ARGV0=oracleORCL)(ARGS='(DESCRIPTION=(LOCAL=YES)(ADDRESS=(PROTOCOL=beq)))'))(CONNECT_DATA=(SID=ORCL)(CID=(PROGRAM=C:\Arquivos de programas\Microsoft Visual FoxPro 9\vfp9.exe)(HOST=MQROGERIO)(USER=rogerio))))

  VERSION INFORMATION:
	TNS for 32-bit Windows: Version 8.1.6.0.0 - Production
	Oracle Bequeath NT Protocol Adapter for 32-bit Windows: Version 8.1.6.0.0 - Production
  Time: 21-NOV-2007 16:41:59
  Tracing not turned on.
  Tns error struct:
    nr err code: 0
    ns main err code: 12560
    TNS-12560: TNS:erro do adaptador de protocolo
    ns secondary err code: 0
    nt main err code: 530
    TNS-00530: Erro do adaptador de protocolo
    nt secondary err code: 126
    nt OS err code: 0
