107.06.14 14:10 B K:\VFPPaint\VFPPaint5\VFPPaint\VFPPaint_Icons\_About.bmp --> ftp.foxite.com /Weblogger/cesarchalom/vfppaint _About.bmp
107.06.14 14:10 B K:\VFPPaint\VFPPaint5\VFPPaint\VFPPaint_Icons\_Apply.bmp --> ftp.foxite.com /Weblogger/cesarchalom/vfppaint _Apply.bmp
107.06.14 14:10 B K:\VFPPaint\VFPPaint5\VFPPaint\VFPPaint_Icons\_aquarela.bmp --> ftp.foxite.com /Weblogger/cesarchalom/vfppaint _aquarela.bmp
107.06.14 14:10 B K:\VFPPaint\VFPPaint5\VFPPaint\VFPPaint_Icons\_Cleanup.bmp --> ftp.foxite.com /Weblogger/cesarchalom/vfppaint _Cleanup.bmp
107.06.14 14:10 B K:\VFPPaint\VFPPaint5\VFPPaint\VFPPaint_Icons\_DrawEllipse.bmp --> ftp.foxite.com /Weblogger/cesarchalom/vfppaint _DrawEllipse.bmp
107.06.14 14:10 B K:\VFPPaint\VFPPaint5\VFPPaint\VFPPaint_Icons\_DrawLine.bmp --> ftp.foxite.com /Weblogger/cesarchalom/vfppaint _DrawLine.bmp
107.06.14 14:10 B K:\VFPPaint\VFPPaint5\VFPPaint\VFPPaint_Icons\_DrawPoint.bmp --> ftp.foxite.com /Weblogger/cesarchalom/vfppaint _DrawPoint.bmp
107.06.14 14:11 B K:\VFPPaint\VFPPaint5\VFPPaint\VFPPaint_Icons\_DrawRectangle.bmp --> ftp.foxite.com /Weblogger/cesarchalom/vfppaint _DrawRectangle.bmp
107.06.14 14:11 B K:\VFPPaint\VFPPaint5\VFPPaint\VFPPaint_Icons\_file_find.bmp --> ftp.foxite.com /Weblogger/cesarchalom/vfppaint _file_find.bmp
107.06.14 14:11 B K:\VFPPaint\VFPPaint5\VFPPaint\VFPPaint_Icons\_FillEllipse.bmp --> ftp.foxite.com /Weblogger/cesarchalom/vfppaint _FillEllipse.bmp
107.06.14 14:11 B K:\VFPPaint\VFPPaint5\VFPPaint\VFPPaint_Icons\_FillRectangle.bmp --> ftp.foxite.com /Weblogger/cesarchalom/vfppaint _FillRectangle.bmp
107.06.14 14:11 B K:\VFPPaint\VFPPaint5\VFPPaint\VFPPaint_Icons\_FlipHorizontal.bmp --> ftp.foxite.com /Weblogger/cesarchalom/vfppaint _FlipHorizontal.bmp
107.06.14 14:11 B K:\VFPPaint\VFPPaint5\VFPPaint\VFPPaint_Icons\_FlipVertical.bmp --> ftp.foxite.com /Weblogger/cesarchalom/vfppaint _FlipVertical.bmp
107.06.14 14:11 B K:\VFPPaint\VFPPaint5\VFPPaint\VFPPaint_Icons\_Font.bmp --> ftp.foxite.com /Weblogger/cesarchalom/vfppaint _Font.bmp
107.06.14 14:11 B K:\VFPPaint\VFPPaint5\VFPPaint\VFPPaint_Icons\_Fonts1.bmp --> ftp.foxite.com /Weblogger/cesarchalom/vfppaint _Fonts1.bmp
107.06.14 14:11 B K:\VFPPaint\VFPPaint5\VFPPaint\VFPPaint_Icons\_open.bmp --> ftp.foxite.com /Weblogger/cesarchalom/vfppaint _open.bmp
107.06.14 14:11 B K:\VFPPaint\VFPPaint5\VFPPaint\VFPPaint_Icons\_print.bmp --> ftp.foxite.com /Weblogger/cesarchalom/vfppaint _print.bmp
107.06.14 14:11 B K:\VFPPaint\VFPPaint5\VFPPaint\VFPPaint_Icons\_RotateLeft.bmp --> ftp.foxite.com /Weblogger/cesarchalom/vfppaint _RotateLeft.bmp
107.06.14 14:11 B K:\VFPPaint\VFPPaint5\VFPPaint\VFPPaint_Icons\_RotateRight.bmp --> ftp.foxite.com /Weblogger/cesarchalom/vfppaint _RotateRight.bmp
107.06.14 14:11 B K:\VFPPaint\VFPPaint5\VFPPaint\VFPPaint_Icons\_save.bmp --> ftp.foxite.com /Weblogger/cesarchalom/vfppaint _save.bmp
107.06.14 14:11 B K:\VFPPaint\VFPPaint5\VFPPaint\VFPPaint_Icons\_undo.bmp --> ftp.foxite.com /Weblogger/cesarchalom/vfppaint _undo.bmp
