Line 43: Class WMPOCXCtl.WMPOCX of control WMPOCX1 was not a loaded control class.
Line 49: The property name URL in WMPOCX1 is invalid.
Line 50: The property name rate in WMPOCX1 is invalid.
Line 51: The property name balance in WMPOCX1 is invalid.
Line 52: The property name currentPosition in WMPOCX1 is invalid.
Line 53: The property name defaultFrame in WMPOCX1 is invalid.
Line 54: The property name playCount in WMPOCX1 is invalid.
Line 55: The property name autoStart in WMPOCX1 is invalid.
Line 56: The property name currentMarker in WMPOCX1 is invalid.
Line 57: The property name invokeURLs in WMPOCX1 is invalid.
Line 58: The property name baseURL in WMPOCX1 is invalid.
Line 59: The property name volume in WMPOCX1 is invalid.
Line 60: The property name mute in WMPOCX1 is invalid.
Line 61: The property name uiMode in WMPOCX1 is invalid.
Line 62: The property name stretchToFit in WMPOCX1 is invalid.
Line 63: The property name windowlessVideo in WMPOCX1 is invalid.
Line 65: The property name enableContextMenu in WMPOCX1 is invalid.
Line 66: The property name fullScreen in WMPOCX1 is invalid.
Line 67: The property name SAMIStyle in WMPOCX1 is invalid.
Line 68: The property name SAMILang in WMPOCX1 is invalid.
Line 69: The property name SAMIFilename in WMPOCX1 is invalid.
Line 70: The property name captioningID in WMPOCX1 is invalid.
