Build started 09/09/2013 17:45:21.
     1>Project "F:\Trabalho\Fontes 2\FileManager\FileManager\FileManager.vcxproj" on node 2 (build target(s)).
     1>InitializeBuildStatus:
         Creating "Debug\FileManager.unsuccessfulbuild" because "AlwaysCreate" was specified.
       ClCompile:
         d:\instal\Microsoft Visual Studio 10.0\VC\bin\CL.exe /c /ZI /nologo /W3 /WX- /Od /Oy- /D _MBCS /Gm /EHsc /RTC1 /MDd /GS /fp:precise /Zc:wchar_t /Zc:forScope /Fo"Debug\\" /Fd"Debug\vc100.pdb" /Gd /TC /analyze- /errorReport:prompt Main.c
         Main.c
       Link:
         d:\instal\Microsoft Visual Studio 10.0\VC\bin\link.exe /ERRORREPORT:PROMPT /OUT:"F:\Trabalho\Fontes 2\FileManager\Debug\FileManager.exe" /NOLOGO kernel32.lib user32.lib gdi32.lib winspool.lib comdlg32.lib advapi32.lib shell32.lib ole32.lib oleaut32.lib uuid.lib odbc32.lib odbccp32.lib /MANIFEST /ManifestFile:"Debug\FileManager.exe.intermediate.manifest" /MANIFESTUAC:"level='asInvoker' uiAccess='false'" /DEBUG /PDB:"F:\Trabalho\Fontes 2\FileManager\Debug\FileManager.pdb" /TLBID:1 /DYNAMICBASE /NXCOMPAT /IMPLIB:"F:\Trabalho\Fontes 2\FileManager\Debug\FileManager.lib" /MACHINE:X86 Debug\FileManager.obj
         Debug\Main.obj
         LINK : F:\Trabalho\Fontes 2\FileManager\Debug\FileManager.exe not found or not built by the last incremental link; performing full link
         FileManager.vcxproj -> F:\Trabalho\Fontes 2\FileManager\Debug\FileManager.exe
       Manifest:
         C:\Program Files (x86)\Microsoft SDKs\Windows\v7.0A\bin\mt.exe /nologo /verbose /outputresource:"F:\Trabalho\Fontes 2\FileManager\Debug\FileManager.exe;#1" /manifest Debug\FileManager.exe.intermediate.manifest
       FinalizeBuildStatus:
         Deleting file "Debug\FileManager.unsuccessfulbuild".
         Touching "Debug\FileManager.lastbuildstate".
     1>Done Building Project "F:\Trabalho\Fontes 2\FileManager\FileManager\FileManager.vcxproj" (build target(s)).

Build succeeded.

Time Elapsed 00:00:01.32
