Line 41: Class vbalIml6.vbalImageList of control vbalImageList1 was not a loaded control class.
Line 55: Class vbalIml6.vbalImageList of control ImageListSubMenu was not a loaded control class.
Line 44: The property name _ExtentX in vbalImageList1 is invalid.
Line 45: The property name _ExtentY in vbalImageList1 is invalid.
Line 46: The property name IconSizeX in vbalImageList1 is invalid.
Line 47: The property name IconSizeY in vbalImageList1 is invalid.
Line 48: The property name ColourDepth in vbalImageList1 is invalid.
Line 49: The property name Size in vbalImageList1 is invalid.
Line 50: The property name Images in vbalImageList1 is invalid.
Line 51: The property name Version in vbalImageList1 is invalid.
Line 52: The property name KeyCount in vbalImageList1 is invalid.
Line 53: The property name Keys in vbalImageList1 is invalid.
Line 58: The property name _ExtentX in ImageListSubMenu is invalid.
Line 59: The property name _ExtentY in ImageListSubMenu is invalid.
Line 60: The property name ColourDepth in ImageListSubMenu is invalid.
Line 61: The property name Size in ImageListSubMenu is invalid.
Line 62: The property name Images in ImageListSubMenu is invalid.
Line 63: The property name Version in ImageListSubMenu is invalid.
Line 64: The property name KeyCount in ImageListSubMenu is invalid.
Line 65: The property name Keys in ImageListSubMenu is invalid.
